<?xml version="1.0" encoding="UTF-8"?>
<testsuite name="SILab2Test" tests="1" skipped="0" failures="0" errors="0" timestamp="2023-05-30T17:14:41" hostname="VIKTOR-LENOVO" time="0.025">
  <properties/>
  <testcase name="muilipleConditionTXX()" classname="SILab2Test" time="0.025"/>
  <system-out><![CDATA[]]></system-out>
  <system-err><![CDATA[]]></system-err>
</testsuite>
